c:\users\joo\documents\github\jusin\framework\modelloader\default\x64\debug\vc142.pdb
c:\users\joo\documents\github\jusin\framework\modelloader\default\x64\debug\vc142.idb
c:\users\joo\documents\github\jusin\framework\modelloader\default\x64\debug\modelloader_defines.obj
c:\users\joo\documents\github\jusin\framework\modelloader\default\x64\debug\modelloader.obj
c:\users\joo\documents\github\jusin\framework\modelloader\default\x64\debug\cmodelloader.obj
c:\users\joo\documents\github\jusin\framework\modelloader\bin\modelloader.exe
c:\users\joo\documents\github\jusin\framework\modelloader\default\x64\debug\modelloader.ilk
c:\users\joo\documents\github\jusin\framework\modelloader\bin\modelloader.pdb
c:\users\joo\documents\github\joo\framework\modelloader\default\x64\debug\cmodelloader.obj
c:\users\joo\documents\github\joo\framework\modelloader\default\x64\debug\modelloader.obj
c:\users\joo\documents\github\joo\framework\modelloader\default\x64\debug\modelloader_defines.obj
c:\users\joo\documents\github\joo\framework\modelloader\default\x64\debug\modelloader.ilk
c:\users\joo\documents\github\joo\framework\modelloader\default\x64\debug\vc142.idb
c:\users\joo\documents\github\joo\framework\modelloader\default\x64\debug\vc142.pdb
c:\users\joo\documents\github\joo\framework\modelloader\bin\modelloader.exe
c:\users\joo\documents\github\joo\framework\modelloader\default\x64\debug\modelloader.tlog\cl.command.1.tlog
c:\users\joo\documents\github\joo\framework\modelloader\default\x64\debug\modelloader.tlog\cl.read.1.tlog
c:\users\joo\documents\github\joo\framework\modelloader\default\x64\debug\modelloader.tlog\cl.write.1.tlog
c:\users\joo\documents\github\joo\framework\modelloader\default\x64\debug\modelloader.tlog\link.command.1.tlog
c:\users\joo\documents\github\joo\framework\modelloader\default\x64\debug\modelloader.tlog\link.read.1.tlog
c:\users\joo\documents\github\joo\framework\modelloader\default\x64\debug\modelloader.tlog\link.write.1.tlog
