  CModelLoader.cpp
  The contents of <any> are available only with C++17 or later.
C:\Users\joo\Documents\GitHub\Joo\Framework\Reference\Headers\Engine_Function.h(31,12): warning C4244: 'return': 'double'에서 'float'(으)로 변환하면서 데이터가 손실될 수 있습니다.
C:\Users\joo\Documents\GitHub\Joo\Framework\Reference\Headers\CNavigation.h(61,1): warning C4267: 'return': 'size_t'에서 'Engine::_uint'(으)로 변환하면서 데이터가 손실될 수 있습니다.
C:\Users\joo\Documents\GitHub\Joo\Framework\ModelLoader\Default\CModelLoader.cpp(81,51): warning C4267: '초기화 중': 'size_t'에서 'Engine::_uint'(으)로 변환하면서 데이터가 손실될 수 있습니다.
C:\Users\joo\Documents\GitHub\Joo\Framework\ModelLoader\Default\CModelLoader.cpp(122,49): warning C4267: '초기화 중': 'size_t'에서 'Engine::_uint'(으)로 변환하면서 데이터가 손실될 수 있습니다.
C:\Users\joo\Documents\GitHub\Joo\Framework\ModelLoader\Default\CModelLoader.cpp(148,56): warning C4267: '초기화 중': 'size_t'에서 'Engine::_uint'(으)로 변환하면서 데이터가 손실될 수 있습니다.
C:\Users\joo\Documents\GitHub\Joo\Framework\ModelLoader\Default\CModelLoader.cpp(180,40): warning C4267: '초기화 중': 'size_t'에서 'Engine::_uint'(으)로 변환하면서 데이터가 손실될 수 있습니다.
C:\Users\joo\Documents\GitHub\Joo\Framework\ModelLoader\Default\CModelLoader.cpp(190,49): warning C4267: '=': 'size_t'에서 'Engine::_uint'(으)로 변환하면서 데이터가 손실될 수 있습니다.
C:\Users\joo\Documents\GitHub\Joo\Framework\ModelLoader\Default\CModelLoader.cpp(208,88): warning C4267: '초기화 중': 'size_t'에서 'Engine::_uint'(으)로 변환하면서 데이터가 손실될 수 있습니다.
C:\Users\joo\Documents\GitHub\Joo\Framework\ModelLoader\Default\CModelLoader.cpp(276,51): warning C4267: '초기화 중': 'size_t'에서 'Engine::_uint'(으)로 변환하면서 데이터가 손실될 수 있습니다.
C:\Users\joo\Documents\GitHub\Joo\Framework\ModelLoader\Default\CModelLoader.cpp(317,49): warning C4267: '초기화 중': 'size_t'에서 'Engine::_uint'(으)로 변환하면서 데이터가 손실될 수 있습니다.
C:\Users\joo\Documents\GitHub\Joo\Framework\ModelLoader\Default\CModelLoader.cpp(343,56): warning C4267: '초기화 중': 'size_t'에서 'Engine::_uint'(으)로 변환하면서 데이터가 손실될 수 있습니다.
C:\Users\joo\Documents\GitHub\Joo\Framework\ModelLoader\Default\CModelLoader.cpp(371,40): warning C4267: '초기화 중': 'size_t'에서 'Engine::_uint'(으)로 변환하면서 데이터가 손실될 수 있습니다.
C:\Users\joo\Documents\GitHub\Joo\Framework\ModelLoader\Default\CModelLoader.cpp(387,40): warning C4267: '초기화 중': 'size_t'에서 'Engine::_uint'(으)로 변환하면서 데이터가 손실될 수 있습니다.
C:\Users\joo\Documents\GitHub\Joo\Framework\ModelLoader\Default\CModelLoader.cpp(399,88): warning C4267: '초기화 중': 'size_t'에서 'Engine::_uint'(으)로 변환하면서 데이터가 손실될 수 있습니다.
C:\Users\joo\Documents\GitHub\Joo\Framework\ModelLoader\Default\CModelLoader.cpp(483,39): warning C4267: '=': 'size_t'에서 'Engine::_uint'(으)로 변환하면서 데이터가 손실될 수 있습니다.
C:\Users\joo\Documents\GitHub\Joo\Framework\ModelLoader\Default\CModelLoader.cpp(586,32): warning C4267: '=': 'size_t'에서 'Engine::_uint'(으)로 변환하면서 데이터가 손실될 수 있습니다.
  ModelLoader.cpp
  The contents of <any> are available only with C++17 or later.
C:\Users\joo\Documents\GitHub\Joo\Framework\Reference\Headers\Engine_Function.h(31,12): warning C4244: 'return': 'double'에서 'float'(으)로 변환하면서 데이터가 손실될 수 있습니다.
  ModelLoader_Defines.h
  코드를 생성하고 있습니다...
C:\Users\joo\Documents\GitHub\Joo\Framework\ModelLoader\Default\CModelLoader.cpp(575): warning C4715: 'CModelLoader::ConvertBinary_NonAnimModel': 모든 제어 경로에서 값을 반환하지는 않습니다.
C:\Users\joo\Documents\GitHub\Joo\Framework\ModelLoader\Default\CModelLoader.cpp(520): warning C4715: 'CModelLoader::ConvertBinary_AnimModel': 모든 제어 경로에서 값을 반환하지는 않습니다.
LINK : fatal error LNK1104: 'Engine_d.lib' 파일을 열 수 없습니다.
