  CCamera_Free.cpp
  CLevel_GamePlay.cpp
  CLevel_Loading.cpp
  CLevel_Logo.cpp
  CLoader.cpp
  CMonster.cpp
C:\Users\joo\Documents\GitHub\Jusin\Framework\Client\Private\CMonster.cpp(30,94): warning C4244: '인수': 'int'에서 'float'(으)로 변환하면서 데이터가 손실될 수 있습니다.
C:\Users\joo\Documents\GitHub\Jusin\Framework\Client\Private\CMonster.cpp(30,76): warning C4244: '인수': 'int'에서 'float'(으)로 변환하면서 데이터가 손실될 수 있습니다.
  CPlayer.cpp
  CStatic_Object.cpp
  CTerrain.cpp
  CUI_Rect.cpp
  CMainApp.cpp
  Client.cpp
  코드를 생성하고 있습니다.
  37 of 559 functions ( 6.6%) were compiled, the rest were copied from previous compilation.
    2 functions were new in current compilation
    27 functions had inline decision re-evaluated but remain unchanged
  코드를 생성했습니다.
  Client.vcxproj -> C:\Users\joo\Documents\GitHub\Jusin\Framework\Client\Bin\Client.exe
