c:\users\joo\documents\github\jusin\framework\client\default\x64\release\client.pch
c:\users\joo\documents\github\jusin\framework\client\default\x64\release\vc142.pdb
c:\users\joo\documents\github\jusin\framework\client\default\x64\release\stdafx.obj
c:\users\joo\documents\github\jusin\framework\client\default\x64\release\cloader.obj
c:\users\joo\documents\github\jusin\framework\client\default\x64\release\client.obj
c:\users\joo\documents\github\jusin\framework\client\default\x64\release\clevel_logo.obj
c:\users\joo\documents\github\jusin\framework\client\default\x64\release\clevel_loading.obj
c:\users\joo\documents\github\jusin\framework\client\default\x64\release\clevel_gameplay.obj
c:\users\joo\documents\github\jusin\framework\client\default\x64\release\cmainapp.obj
c:\users\joo\documents\github\jusin\framework\client\default\x64\release\cbackground.obj
c:\users\joo\documents\github\jusin\framework\client\default\x64\release\cterrain.obj
c:\users\joo\documents\github\jusin\framework\client\default\x64\release\ccamera_free.obj
c:\users\joo\documents\github\jusin\framework\client\bin\shader_vtxtex.cso
c:\users\joo\documents\github\jusin\framework\client\bin\shader_vtx.cso
c:\users\joo\documents\github\jusin\framework\client\bin\shader_vtxcol.cso
c:\users\joo\documents\github\jusin\framework\client\bin\shader_vtxnortex.cso
c:\users\joo\documents\github\jusin\framework\client\bin\client.exe
c:\users\joo\documents\github\jusin\framework\client\default\x64\release\client.ipdb
c:\users\joo\documents\github\jusin\framework\client\default\x64\release\client.iobj
c:\users\joo\documents\github\jusin\framework\client\bin\client.pdb
c:\users\joo\documents\github\jusin\framework\client\default\x64\release\client.res
c:\users\joo\documents\github\jusin\framework\client\default\x64\release\client.tlog\cl.command.1.tlog
c:\users\joo\documents\github\jusin\framework\client\default\x64\release\client.tlog\cl.read.1.tlog
c:\users\joo\documents\github\jusin\framework\client\default\x64\release\client.tlog\cl.write.1.tlog
c:\users\joo\documents\github\jusin\framework\client\default\x64\release\client.tlog\fxc.command.1.tlog
c:\users\joo\documents\github\jusin\framework\client\default\x64\release\client.tlog\fxc.read.1.tlog
c:\users\joo\documents\github\jusin\framework\client\default\x64\release\client.tlog\fxc.write.1.tlog
c:\users\joo\documents\github\jusin\framework\client\default\x64\release\client.tlog\link.command.1.tlog
c:\users\joo\documents\github\jusin\framework\client\default\x64\release\client.tlog\link.read.1.tlog
c:\users\joo\documents\github\jusin\framework\client\default\x64\release\client.tlog\link.write.1.tlog
c:\users\joo\documents\github\jusin\framework\client\default\x64\release\client.tlog\rc.command.1.tlog
c:\users\joo\documents\github\jusin\framework\client\default\x64\release\client.tlog\rc.read.1.tlog
c:\users\joo\documents\github\jusin\framework\client\default\x64\release\client.tlog\rc.write.1.tlog
