c:\users\joo\documents\github\jusin\mapedittool\tool\default\x64\debug\tool.pch
c:\users\joo\documents\github\jusin\mapedittool\tool\default\x64\debug\vc142.pdb
c:\users\joo\documents\github\jusin\mapedittool\tool\default\x64\debug\vc142.idb
c:\users\joo\documents\github\jusin\mapedittool\tool\default\x64\debug\pch.obj
c:\users\joo\documents\github\jusin\mapedittool\tool\default\x64\debug\toolview.obj
c:\users\joo\documents\github\jusin\mapedittool\tool\default\x64\debug\tooldoc.obj
c:\users\joo\documents\github\jusin\mapedittool\tool\default\x64\debug\tool.obj
c:\users\joo\documents\github\jusin\mapedittool\tool\default\x64\debug\mainfrm.obj
c:\users\joo\documents\github\jusin\mapedittool\tool\default\x64\debug\ctoolmap.obj
c:\users\joo\documents\github\jusin\mapedittool\tool\default\x64\debug\cterrain.obj
c:\users\joo\documents\github\jusin\mapedittool\tool\default\x64\debug\ctabui.obj
c:\users\joo\documents\github\jusin\mapedittool\tool\default\x64\debug\ctabterrain.obj
c:\users\joo\documents\github\jusin\mapedittool\tool\default\x64\debug\ctabnavimesh.obj
c:\users\joo\documents\github\jusin\mapedittool\tool\default\x64\debug\ctabmesh.obj
c:\users\joo\documents\github\jusin\mapedittool\tool\default\x64\debug\ctabeffect.obj
c:\users\joo\documents\github\jusin\mapedittool\tool\default\x64\debug\ctabcamera.obj
c:\users\joo\documents\github\jusin\mapedittool\tool\default\x64\debug\ctabanimation.obj
c:\users\joo\documents\github\jusin\mapedittool\tool\default\x64\debug\cmyform.obj
c:\users\joo\documents\github\jusin\mapedittool\tool\default\x64\debug\cmaincamera.obj
c:\users\joo\documents\github\jusin\mapedittool\tool\default\x64\debug\cmainapp.obj
c:\users\joo\documents\github\jusin\mapedittool\tool\default\x64\debug\cfileinfo.obj
c:\users\joo\documents\github\jusin\mapedittool\tool\bin\shader_vtxtex.cso
c:\users\joo\documents\github\jusin\mapedittool\tool\bin\tool.exe
c:\users\joo\documents\github\jusin\mapedittool\tool\default\x64\debug\tool.ilk
c:\users\joo\documents\github\jusin\mapedittool\tool\bin\tool.pdb
c:\users\joo\documents\github\jusin\mapedittool\tool\default\x64\debug\tool.res
c:\users\joo\documents\github\jusin\mapedittool\tool\default\x64\debug\tool.tlog\cl.command.1.tlog
c:\users\joo\documents\github\jusin\mapedittool\tool\default\x64\debug\tool.tlog\cl.read.1.tlog
c:\users\joo\documents\github\jusin\mapedittool\tool\default\x64\debug\tool.tlog\cl.write.1.tlog
c:\users\joo\documents\github\jusin\mapedittool\tool\default\x64\debug\tool.tlog\fxc.command.1.tlog
c:\users\joo\documents\github\jusin\mapedittool\tool\default\x64\debug\tool.tlog\fxc.read.1.tlog
c:\users\joo\documents\github\jusin\mapedittool\tool\default\x64\debug\tool.tlog\fxc.write.1.tlog
c:\users\joo\documents\github\jusin\mapedittool\tool\default\x64\debug\tool.tlog\link.command.1.tlog
c:\users\joo\documents\github\jusin\mapedittool\tool\default\x64\debug\tool.tlog\link.read.1.tlog
c:\users\joo\documents\github\jusin\mapedittool\tool\default\x64\debug\tool.tlog\link.write.1.tlog
c:\users\joo\documents\github\jusin\mapedittool\tool\default\x64\debug\tool.tlog\rc.command.1.tlog
c:\users\joo\documents\github\jusin\mapedittool\tool\default\x64\debug\tool.tlog\rc.read.1.tlog
c:\users\joo\documents\github\jusin\mapedittool\tool\default\x64\debug\tool.tlog\rc.write.1.tlog
