  CAnimation.cpp
C:\Users\joo\Documents\GitHub\Jusin\Framework\Engine\Public\CNavigation.h(58,1): warning C4267: 'return': 'size_t'에서 'Engine::_uint'(으)로 변환하면서 데이터가 손실될 수 있습니다.
C:\Users\joo\Documents\GitHub\Jusin\Framework\Engine\Private\CAnimation.cpp(361,57): warning C4267: '=': 'size_t'에서 '_Ty'(으)로 변환하면서 데이터가 손실될 수 있습니다.
          with
          [
              _Ty=Engine::_uint
          ]
C:\Users\joo\Documents\GitHub\Jusin\Framework\Engine\Private\CAnimation.cpp(372,57): warning C4267: '=': 'size_t'에서 '_Ty'(으)로 변환하면서 데이터가 손실될 수 있습니다.
          with
          [
              _Ty=Engine::_uint
          ]
  CCalculator.cpp
C:\Users\joo\Documents\GitHub\Jusin\Framework\Engine\Public\CNavigation.h(58,1): warning C4267: 'return': 'size_t'에서 'Engine::_uint'(으)로 변환하면서 데이터가 손실될 수 있습니다.
  CCell.cpp
C:\Users\joo\Documents\GitHub\Jusin\Framework\Engine\Public\CNavigation.h(58,1): warning C4267: 'return': 'size_t'에서 'Engine::_uint'(으)로 변환하면서 데이터가 손실될 수 있습니다.
  CComponent.cpp
C:\Users\joo\Documents\GitHub\Jusin\Framework\Engine\Public\CNavigation.h(58,1): warning C4267: 'return': 'size_t'에서 'Engine::_uint'(으)로 변환하면서 데이터가 손실될 수 있습니다.
  CComponent_Manager.cpp
C:\Users\joo\Documents\GitHub\Jusin\Framework\Engine\Public\CNavigation.h(58,1): warning C4267: 'return': 'size_t'에서 'Engine::_uint'(으)로 변환하면서 데이터가 손실될 수 있습니다.
  CGameInstance.cpp
C:\Users\joo\Documents\GitHub\Jusin\Framework\Engine\Public\CNavigation.h(58,1): warning C4267: 'return': 'size_t'에서 'Engine::_uint'(으)로 변환하면서 데이터가 손실될 수 있습니다.
  CLevel.cpp
C:\Users\joo\Documents\GitHub\Jusin\Framework\Engine\Public\CNavigation.h(58,1): warning C4267: 'return': 'size_t'에서 'Engine::_uint'(으)로 변환하면서 데이터가 손실될 수 있습니다.
  CLevel_Manager.cpp
C:\Users\joo\Documents\GitHub\Jusin\Framework\Engine\Public\CNavigation.h(58,1): warning C4267: 'return': 'size_t'에서 'Engine::_uint'(으)로 변환하면서 데이터가 손실될 수 있습니다.
  CModel.cpp
C:\Users\joo\Documents\GitHub\Jusin\Framework\Engine\Public\CNavigation.h(58,1): warning C4267: 'return': 'size_t'에서 'Engine::_uint'(으)로 변환하면서 데이터가 손실될 수 있습니다.
C:\Users\joo\Documents\GitHub\Jusin\Framework\Engine\Private\CModel.cpp(421,53): warning C4267: '=': 'size_t'에서 'Engine::_uint'(으)로 변환하면서 데이터가 손실될 수 있습니다.
C:\Users\joo\Documents\GitHub\Jusin\Framework\Engine\Private\CModel.cpp(517,21): warning C4244: 'return': 'Engine::_double'에서 'Engine::_float'(으)로 변환하면서 데이터가 손실될 수 있습니다.
  CNavigation.cpp
C:\Users\joo\Documents\GitHub\Jusin\Framework\Engine\Public\CNavigation.h(58,1): warning C4267: 'return': 'size_t'에서 'Engine::_uint'(으)로 변환하면서 데이터가 손실될 수 있습니다.
C:\Users\joo\Documents\GitHub\Jusin\Framework\Engine\Private\CNavigation.cpp(51,121): warning C4267: '인수': 'size_t'에서 'const Engine::_int'(으)로 변환하면서 데이터가 손실될 수 있습니다.
C:\Users\joo\Documents\GitHub\Jusin\Framework\Engine\Private\CNavigation.cpp(74,119): warning C4267: '인수': 'size_t'에서 'const Engine::_int'(으)로 변환하면서 데이터가 손실될 수 있습니다.
C:\Users\joo\Documents\GitHub\Jusin\Framework\Engine\Private\CNavigation.cpp(335,115): warning C4267: '인수': 'size_t'에서 'const Engine::_int'(으)로 변환하면서 데이터가 손실될 수 있습니다.
  CTransform.cpp
C:\Users\joo\Documents\GitHub\Jusin\Framework\Engine\Public\CNavigation.h(58,1): warning C4267: 'return': 'size_t'에서 'Engine::_uint'(으)로 변환하면서 데이터가 손실될 수 있습니다.
C:\Users\joo\Documents\GitHub\Jusin\Framework\Engine\Private\CTransform.cpp(93,38): warning C4244: '인수': 'Engine::_double'에서 'float'(으)로 변환하면서 데이터가 손실될 수 있습니다.
C:\Users\joo\Documents\GitHub\Jusin\Framework\Engine\Private\CTransform.cpp(93,62): warning C4244: '인수': 'const Engine::_double'에서 'float'(으)로 변환하면서 데이터가 손실될 수 있습니다.
C:\Users\joo\Documents\GitHub\Jusin\Framework\Engine\Private\CTransform.cpp(137,43): warning C4244: '인수': 'Engine::_double'에서 'float'(으)로 변환하면서 데이터가 손실될 수 있습니다.
C:\Users\joo\Documents\GitHub\Jusin\Framework\Engine\Private\CTransform.cpp(137,58): warning C4244: '인수': 'const Engine::_double'에서 'float'(으)로 변환하면서 데이터가 손실될 수 있습니다.
C:\Users\joo\Documents\GitHub\Jusin\Framework\Engine\Private\CTransform.cpp(156,38): warning C4244: '인수': 'Engine::_double'에서 'float'(으)로 변환하면서 데이터가 손실될 수 있습니다.
C:\Users\joo\Documents\GitHub\Jusin\Framework\Engine\Private\CTransform.cpp(156,62): warning C4244: '인수': 'const Engine::_double'에서 'float'(으)로 변환하면서 데이터가 손실될 수 있습니다.
C:\Users\joo\Documents\GitHub\Jusin\Framework\Engine\Private\CTransform.cpp(182,64): warning C4244: '인수': 'Engine::_double'에서 'float'(으)로 변환하면서 데이터가 손실될 수 있습니다.
C:\Users\joo\Documents\GitHub\Jusin\Framework\Engine\Private\CTransform.cpp(182,79): warning C4244: '인수': 'const Engine::_double'에서 'float'(으)로 변환하면서 데이터가 손실될 수 있습니다.
C:\Users\joo\Documents\GitHub\Jusin\Framework\Engine\Private\CTransform.cpp(193,25): warning C4244: '+=': 'const Engine::_double'에서 'Engine::_float'(으)로 변환하면서 데이터가 손실될 수 있습니다.
C:\Users\joo\Documents\GitHub\Jusin\Framework\Engine\Private\CTransform.cpp(272,86): warning C4244: '인수': 'Engine::_double'에서 'float'(으)로 변환하면서 데이터가 손실될 수 있습니다.
C:\Users\joo\Documents\GitHub\Jusin\Framework\Engine\Private\CTransform.cpp(285,25): warning C4244: '+=': 'const Engine::_double'에서 'Engine::_float'(으)로 변환하면서 데이터가 손실될 수 있습니다.
C:\Users\joo\Documents\GitHub\Jusin\Framework\Engine\Private\CTransform.cpp(303,58): warning C4244: '인수': 'Engine::_double'에서 'float'(으)로 변환하면서 데이터가 손실될 수 있습니다.
C:\Users\joo\Documents\GitHub\Jusin\Framework\Engine\Private\CTransform.cpp(303,73): warning C4244: '인수': 'const Engine::_double'에서 'float'(으)로 변환하면서 데이터가 손실될 수 있습니다.
C:\Users\joo\Documents\GitHub\Jusin\Framework\Engine\Private\CTransform.cpp(322,58): warning C4244: '인수': 'Engine::_double'에서 'float'(으)로 변환하면서 데이터가 손실될 수 있습니다.
C:\Users\joo\Documents\GitHub\Jusin\Framework\Engine\Private\CTransform.cpp(322,73): warning C4244: '인수': 'const Engine::_double'에서 'float'(으)로 변환하면서 데이터가 손실될 수 있습니다.
C:\Users\joo\Documents\GitHub\Jusin\Framework\Engine\Private\CTransform.cpp(332,58): warning C4244: '인수': 'Engine::_double'에서 'float'(으)로 변환하면서 데이터가 손실될 수 있습니다.
C:\Users\joo\Documents\GitHub\Jusin\Framework\Engine\Private\CTransform.cpp(332,73): warning C4244: '인수': 'const Engine::_double'에서 'float'(으)로 변환하면서 데이터가 손실될 수 있습니다.
C:\Users\joo\Documents\GitHub\Jusin\Framework\Engine\Private\CTransform.cpp(342,59): warning C4244: '인수': 'Engine::_double'에서 'float'(으)로 변환하면서 데이터가 손실될 수 있습니다.
C:\Users\joo\Documents\GitHub\Jusin\Framework\Engine\Private\CTransform.cpp(342,74): warning C4244: '인수': 'const Engine::_double'에서 'float'(으)로 변환하면서 데이터가 손실될 수 있습니다.
C:\Users\joo\Documents\GitHub\Jusin\Framework\Engine\Private\CTransform.cpp(352,59): warning C4244: '인수': 'Engine::_double'에서 'float'(으)로 변환하면서 데이터가 손실될 수 있습니다.
C:\Users\joo\Documents\GitHub\Jusin\Framework\Engine\Private\CTransform.cpp(352,74): warning C4244: '인수': 'const Engine::_double'에서 'float'(으)로 변환하면서 데이터가 손실될 수 있습니다.
C:\Users\joo\Documents\GitHub\Jusin\Framework\Engine\Private\CTransform.cpp(362,56): warning C4244: '인수': 'Engine::_double'에서 'float'(으)로 변환하면서 데이터가 손실될 수 있습니다.
C:\Users\joo\Documents\GitHub\Jusin\Framework\Engine\Private\CTransform.cpp(362,71): warning C4244: '인수': 'const Engine::_double'에서 'float'(으)로 변환하면서 데이터가 손실될 수 있습니다.
C:\Users\joo\Documents\GitHub\Jusin\Framework\Engine\Private\CTransform.cpp(373,16): warning C4244: '초기화 중': 'Engine::_double'에서 'Engine::_float'(으)로 변환하면서 데이터가 손실될 수 있습니다.
C:\Users\joo\Documents\GitHub\Jusin\Framework\Engine\Private\CTransform.cpp(389,58): warning C4244: '인수': 'Engine::_double'에서 'float'(으)로 변환하면서 데이터가 손실될 수 있습니다.
C:\Users\joo\Documents\GitHub\Jusin\Framework\Engine\Private\CTransform.cpp(389,73): warning C4244: '인수': 'const Engine::_double'에서 'float'(으)로 변환하면서 데이터가 손실될 수 있습니다.
C:\Users\joo\Documents\GitHub\Jusin\Framework\Engine\Private\CTransform.cpp(409,38): warning C4244: '인수': 'Engine::_double'에서 'float'(으)로 변환하면서 데이터가 손실될 수 있습니다.
C:\Users\joo\Documents\GitHub\Jusin\Framework\Engine\Private\CTransform.cpp(409,62): warning C4244: '인수': 'const Engine::_double'에서 'float'(으)로 변환하면서 데이터가 손실될 수 있습니다.
  CGameObject.cpp
C:\Users\joo\Documents\GitHub\Jusin\Framework\Engine\Public\CNavigation.h(58,1): warning C4267: 'return': 'size_t'에서 'Engine::_uint'(으)로 변환하면서 데이터가 손실될 수 있습니다.
  CGameObject3D.cpp
C:\Users\joo\Documents\GitHub\Jusin\Framework\Engine\Public\CNavigation.h(58,1): warning C4267: 'return': 'size_t'에서 'Engine::_uint'(으)로 변환하면서 데이터가 손실될 수 있습니다.
     ..\Bin\Engine.lib 라이브러리 및 ..\Bin\Engine.exp 개체를 생성하고 있습니다.
  코드를 생성하고 있습니다.
  2 of 5569 functions (<0.1%) were compiled, the rest were copied from previous compilation.
    2 functions were new in current compilation
    7 functions had inline decision re-evaluated but remain unchanged
  코드를 생성했습니다.
DirectXTK.lib(BasicEffect.obj) : warning LNK4099: 'DirectXTK.pdb' PDB를 'DirectXTK.lib(BasicEffect.obj)' 또는 'C:\Users\joo\Documents\GitHub\Jusin\Framework\Engine\Bin\DirectXTK.pdb'에서 찾을 수 없습니다. 디버그 정보가 없는 것처럼 개체를 링크합니다.
DirectXTK.lib(CommonStates.obj) : warning LNK4099: 'DirectXTK.pdb' PDB를 'DirectXTK.lib(CommonStates.obj)' 또는 'C:\Users\joo\Documents\GitHub\Jusin\Framework\Engine\Bin\DirectXTK.pdb'에서 찾을 수 없습니다. 디버그 정보가 없는 것처럼 개체를 링크합니다.
DirectXTK.lib(DDSTextureLoader.obj) : warning LNK4099: 'DirectXTK.pdb' PDB를 'DirectXTK.lib(DDSTextureLoader.obj)' 또는 'C:\Users\joo\Documents\GitHub\Jusin\Framework\Engine\Bin\DirectXTK.pdb'에서 찾을 수 없습니다. 디버그 정보가 없는 것처럼 개체를 링크합니다.
DirectXTK.lib(BinaryReader.obj) : warning LNK4099: 'DirectXTK.pdb' PDB를 'DirectXTK.lib(BinaryReader.obj)' 또는 'C:\Users\joo\Documents\GitHub\Jusin\Framework\Engine\Bin\DirectXTK.pdb'에서 찾을 수 없습니다. 디버그 정보가 없는 것처럼 개체를 링크합니다.
DirectXTK.lib(EffectCommon.obj) : warning LNK4099: 'DirectXTK.pdb' PDB를 'DirectXTK.lib(EffectCommon.obj)' 또는 'C:\Users\joo\Documents\GitHub\Jusin\Framework\Engine\Bin\DirectXTK.pdb'에서 찾을 수 없습니다. 디버그 정보가 없는 것처럼 개체를 링크합니다.
DirectXTK.lib(pch.obj) : warning LNK4099: 'DirectXTK.pdb' PDB를 'DirectXTK.lib(pch.obj)' 또는 'C:\Users\joo\Documents\GitHub\Jusin\Framework\Engine\Bin\DirectXTK.pdb'에서 찾을 수 없습니다. 디버그 정보가 없는 것처럼 개체를 링크합니다.
DirectXTK.lib(ScreenGrab.obj) : warning LNK4099: 'DirectXTK.pdb' PDB를 'DirectXTK.lib(ScreenGrab.obj)' 또는 'C:\Users\joo\Documents\GitHub\Jusin\Framework\Engine\Bin\DirectXTK.pdb'에서 찾을 수 없습니다. 디버그 정보가 없는 것처럼 개체를 링크합니다.
DirectXTK.lib(SpriteBatch.obj) : warning LNK4099: 'DirectXTK.pdb' PDB를 'DirectXTK.lib(SpriteBatch.obj)' 또는 'C:\Users\joo\Documents\GitHub\Jusin\Framework\Engine\Bin\DirectXTK.pdb'에서 찾을 수 없습니다. 디버그 정보가 없는 것처럼 개체를 링크합니다.
DirectXTK.lib(PrimitiveBatch.obj) : warning LNK4099: 'DirectXTK.pdb' PDB를 'DirectXTK.lib(PrimitiveBatch.obj)' 또는 'C:\Users\joo\Documents\GitHub\Jusin\Framework\Engine\Bin\DirectXTK.pdb'에서 찾을 수 없습니다. 디버그 정보가 없는 것처럼 개체를 링크합니다.
DirectXTK.lib(SpriteFont.obj) : warning LNK4099: 'DirectXTK.pdb' PDB를 'DirectXTK.lib(SpriteFont.obj)' 또는 'C:\Users\joo\Documents\GitHub\Jusin\Framework\Engine\Bin\DirectXTK.pdb'에서 찾을 수 없습니다. 디버그 정보가 없는 것처럼 개체를 링크합니다.
DirectXTK.lib(VertexTypes.obj) : warning LNK4099: 'DirectXTK.pdb' PDB를 'DirectXTK.lib(VertexTypes.obj)' 또는 'C:\Users\joo\Documents\GitHub\Jusin\Framework\Engine\Bin\DirectXTK.pdb'에서 찾을 수 없습니다. 디버그 정보가 없는 것처럼 개체를 링크합니다.
DirectXTK.lib(WICTextureLoader.obj) : warning LNK4099: 'DirectXTK.pdb' PDB를 'DirectXTK.lib(WICTextureLoader.obj)' 또는 'C:\Users\joo\Documents\GitHub\Jusin\Framework\Engine\Bin\DirectXTK.pdb'에서 찾을 수 없습니다. 디버그 정보가 없는 것처럼 개체를 링크합니다.
  Engine.vcxproj -> C:\Users\joo\Documents\GitHub\Jusin\Framework\Engine\Bin\Engine.dll
