c:\users\joo\documents\github\jusin\framework\engine\default\x64\release\vc142.pdb
c:\users\joo\documents\github\jusin\framework\engine\default\x64\release\cgameobjectui.obj
c:\users\joo\documents\github\jusin\framework\engine\default\x64\release\cgameobject.obj
c:\users\joo\documents\github\jusin\framework\engine\default\x64\release\cgameinstance.obj
c:\users\joo\documents\github\jusin\framework\engine\default\x64\release\cfileinfo.obj
c:\users\joo\documents\github\jusin\framework\engine\default\x64\release\ccomponent_manager.obj
c:\users\joo\documents\github\jusin\framework\engine\default\x64\release\ccomponent.obj
c:\users\joo\documents\github\jusin\framework\engine\default\x64\release\ccollider.obj
c:\users\joo\documents\github\jusin\framework\engine\default\x64\release\cchannel.obj
c:\users\joo\documents\github\jusin\framework\engine\default\x64\release\ccell.obj
c:\users\joo\documents\github\jusin\framework\engine\default\x64\release\ccamera_manager.obj
c:\users\joo\documents\github\jusin\framework\engine\default\x64\release\ccamera.obj
c:\users\joo\documents\github\jusin\framework\engine\default\x64\release\ccalculator.obj
c:\users\joo\documents\github\jusin\framework\engine\default\x64\release\cbounding_sphere.obj
c:\users\joo\documents\github\jusin\framework\engine\default\x64\release\cbounding_obb.obj
c:\users\joo\documents\github\jusin\framework\engine\default\x64\release\cbounding_aabb.obj
c:\users\joo\documents\github\jusin\framework\engine\default\x64\release\cbounding.obj
c:\users\joo\documents\github\jusin\framework\engine\default\x64\release\cbone.obj
c:\users\joo\documents\github\jusin\framework\engine\default\x64\release\cbase.obj
c:\users\joo\documents\github\jusin\framework\engine\default\x64\release\capplication.obj
c:\users\joo\documents\github\jusin\framework\engine\default\x64\release\canimation.obj
c:\users\joo\documents\github\jusin\framework\engine\default\x64\release\cvibuffer_cube.obj
c:\users\joo\documents\github\jusin\framework\engine\default\x64\release\cvibuffer_coordnate.obj
c:\users\joo\documents\github\jusin\framework\engine\default\x64\release\cvibuffer.obj
c:\users\joo\documents\github\jusin\framework\engine\default\x64\release\ctransform.obj
c:\users\joo\documents\github\jusin\framework\engine\default\x64\release\ctexture.obj
c:\users\joo\documents\github\jusin\framework\engine\default\x64\release\cshader.obj
c:\users\joo\documents\github\jusin\framework\engine\default\x64\release\crenderer.obj
c:\users\joo\documents\github\jusin\framework\engine\default\x64\release\cpipeline.obj
c:\users\joo\documents\github\jusin\framework\engine\default\x64\release\cobject_manager.obj
c:\users\joo\documents\github\jusin\framework\engine\default\x64\release\cnavigation.obj
c:\users\joo\documents\github\jusin\framework\engine\default\x64\release\cmodel.obj
c:\users\joo\documents\github\jusin\framework\engine\default\x64\release\cmesh.obj
c:\users\joo\documents\github\jusin\framework\engine\default\x64\release\clight_manager.obj
c:\users\joo\documents\github\jusin\framework\engine\default\x64\release\clight.obj
c:\users\joo\documents\github\jusin\framework\engine\default\x64\release\clevel_manager.obj
c:\users\joo\documents\github\jusin\framework\engine\default\x64\release\clevel.obj
c:\users\joo\documents\github\jusin\framework\engine\default\x64\release\clayer.obj
c:\users\joo\documents\github\jusin\framework\engine\default\x64\release\cinput_device.obj
c:\users\joo\documents\github\jusin\framework\engine\default\x64\release\cgraphic_device.obj
c:\users\joo\documents\github\jusin\framework\engine\default\x64\release\cgameobject3d.obj
c:\users\joo\documents\github\jusin\framework\engine\default\x64\release\engine_struct.obj
c:\users\joo\documents\github\jusin\framework\engine\default\x64\release\timer_manager.obj
c:\users\joo\documents\github\jusin\framework\engine\default\x64\release\timer.obj
c:\users\joo\documents\github\jusin\framework\engine\default\x64\release\debugdraw.obj
c:\users\joo\documents\github\jusin\framework\engine\default\x64\release\cvibuffer_terrain.obj
c:\users\joo\documents\github\jusin\framework\engine\default\x64\release\cvibuffer_rect.obj
c:\users\joo\documents\github\jusin\framework\engine\default\x64\release\cvibuffer_cell.obj
c:\users\joo\documents\github\jusin\framework\engine\bin\engine.lib
c:\users\joo\documents\github\jusin\framework\engine\bin\engine.exp
c:\users\joo\documents\github\jusin\framework\engine\bin\shader_navigation.cso
c:\users\joo\documents\github\jusin\framework\engine\bin\engine.dll
c:\users\joo\documents\github\jusin\framework\engine\default\x64\release\engine.ipdb
c:\users\joo\documents\github\jusin\framework\engine\default\x64\release\engine.iobj
c:\users\joo\documents\github\jusin\framework\engine\bin\engine.pdb
c:\users\joo\documents\github\jusin\framework\engine\default\x64\release\engine.tlog\cl.command.1.tlog
c:\users\joo\documents\github\jusin\framework\engine\default\x64\release\engine.tlog\cl.read.1.tlog
c:\users\joo\documents\github\jusin\framework\engine\default\x64\release\engine.tlog\cl.write.1.tlog
c:\users\joo\documents\github\jusin\framework\engine\default\x64\release\engine.tlog\engine.write.1u.tlog
c:\users\joo\documents\github\jusin\framework\engine\default\x64\release\engine.tlog\fxc.command.1.tlog
c:\users\joo\documents\github\jusin\framework\engine\default\x64\release\engine.tlog\fxc.read.1.tlog
c:\users\joo\documents\github\jusin\framework\engine\default\x64\release\engine.tlog\fxc.write.1.tlog
c:\users\joo\documents\github\jusin\framework\engine\default\x64\release\engine.tlog\link.command.1.tlog
c:\users\joo\documents\github\jusin\framework\engine\default\x64\release\engine.tlog\link.read.1.tlog
c:\users\joo\documents\github\jusin\framework\engine\default\x64\release\engine.tlog\link.write.1.tlog
