c:\users\joo\documents\github\jusin\framework\engine\default\x64\debug\vc142.pdb
c:\users\joo\documents\github\jusin\framework\engine\default\x64\debug\vc142.idb
c:\users\joo\documents\github\jusin\framework\engine\default\x64\debug\ccomponent_manager.obj
c:\users\joo\documents\github\jusin\framework\engine\default\x64\debug\ccomponent.obj
c:\users\joo\documents\github\jusin\framework\engine\default\x64\debug\ccollision.obj
c:\users\joo\documents\github\jusin\framework\engine\default\x64\debug\ccollider_manager.obj
c:\users\joo\documents\github\jusin\framework\engine\default\x64\debug\ccollider.obj
c:\users\joo\documents\github\jusin\framework\engine\default\x64\debug\cchannel.obj
c:\users\joo\documents\github\jusin\framework\engine\default\x64\debug\ccell.obj
c:\users\joo\documents\github\jusin\framework\engine\default\x64\debug\ccamera.obj
c:\users\joo\documents\github\jusin\framework\engine\default\x64\debug\ccalculator.obj
c:\users\joo\documents\github\jusin\framework\engine\default\x64\debug\cbounding_sphere.obj
c:\users\joo\documents\github\jusin\framework\engine\default\x64\debug\cbounding_obb.obj
c:\users\joo\documents\github\jusin\framework\engine\default\x64\debug\cbounding_aabb.obj
c:\users\joo\documents\github\jusin\framework\engine\default\x64\debug\cbounding.obj
c:\users\joo\documents\github\jusin\framework\engine\default\x64\debug\cbone.obj
c:\users\joo\documents\github\jusin\framework\engine\default\x64\debug\cblackboard.obj
c:\users\joo\documents\github\jusin\framework\engine\default\x64\debug\cbehavior.obj
c:\users\joo\documents\github\jusin\framework\engine\default\x64\debug\cbase.obj
c:\users\joo\documents\github\jusin\framework\engine\default\x64\debug\cattack.obj
c:\users\joo\documents\github\jusin\framework\engine\default\x64\debug\capplication.obj
c:\users\joo\documents\github\jusin\framework\engine\default\x64\debug\canimation.obj
c:\users\joo\documents\github\jusin\framework\engine\default\x64\debug\cmesh.obj
c:\users\joo\documents\github\jusin\framework\engine\default\x64\debug\clight_manager.obj
c:\users\joo\documents\github\jusin\framework\engine\default\x64\debug\clight.obj
c:\users\joo\documents\github\jusin\framework\engine\default\x64\debug\clevel_manager.obj
c:\users\joo\documents\github\jusin\framework\engine\default\x64\debug\clevel.obj
c:\users\joo\documents\github\jusin\framework\engine\default\x64\debug\clayer.obj
c:\users\joo\documents\github\jusin\framework\engine\default\x64\debug\cinstance_point.obj
c:\users\joo\documents\github\jusin\framework\engine\default\x64\debug\cinput_device.obj
c:\users\joo\documents\github\jusin\framework\engine\default\x64\debug\chealth.obj
c:\users\joo\documents\github\jusin\framework\engine\default\x64\debug\cgraphic_device.obj
c:\users\joo\documents\github\jusin\framework\engine\default\x64\debug\cgameobject3d.obj
c:\users\joo\documents\github\jusin\framework\engine\default\x64\debug\cgameobjectui.obj
c:\users\joo\documents\github\jusin\framework\engine\default\x64\debug\cgameobject.obj
c:\users\joo\documents\github\jusin\framework\engine\default\x64\debug\cgameinstance.obj
c:\users\joo\documents\github\jusin\framework\engine\default\x64\debug\cfrustum.obj
c:\users\joo\documents\github\jusin\framework\engine\default\x64\debug\cfont_manager.obj
c:\users\joo\documents\github\jusin\framework\engine\default\x64\debug\cfont.obj
c:\users\joo\documents\github\jusin\framework\engine\default\x64\debug\cfileinfo.obj
c:\users\joo\documents\github\jusin\framework\engine\default\x64\debug\cdeffence.obj
c:\users\joo\documents\github\jusin\framework\engine\default\x64\debug\cdecoration.obj
c:\users\joo\documents\github\jusin\framework\engine\default\x64\debug\cvibuffer_coordnate.obj
c:\users\joo\documents\github\jusin\framework\engine\default\x64\debug\cvibuffer.obj
c:\users\joo\documents\github\jusin\framework\engine\default\x64\debug\ctrigger.obj
c:\users\joo\documents\github\jusin\framework\engine\default\x64\debug\ctransform.obj
c:\users\joo\documents\github\jusin\framework\engine\default\x64\debug\ctexture.obj
c:\users\joo\documents\github\jusin\framework\engine\default\x64\debug\ctarget_manager.obj
c:\users\joo\documents\github\jusin\framework\engine\default\x64\debug\cstatus.obj
c:\users\joo\documents\github\jusin\framework\engine\default\x64\debug\csound_manager.obj
c:\users\joo\documents\github\jusin\framework\engine\default\x64\debug\cshader.obj
c:\users\joo\documents\github\jusin\framework\engine\default\x64\debug\csequence.obj
c:\users\joo\documents\github\jusin\framework\engine\default\x64\debug\cselector.obj
c:\users\joo\documents\github\jusin\framework\engine\default\x64\debug\croot.obj
c:\users\joo\documents\github\jusin\framework\engine\default\x64\debug\crendertarget.obj
c:\users\joo\documents\github\jusin\framework\engine\default\x64\debug\crenderer.obj
c:\users\joo\documents\github\jusin\framework\engine\default\x64\debug\cquardtree.obj
c:\users\joo\documents\github\jusin\framework\engine\default\x64\debug\cpipeline.obj
c:\users\joo\documents\github\jusin\framework\engine\default\x64\debug\cparts.obj
c:\users\joo\documents\github\jusin\framework\engine\default\x64\debug\cobject_manager.obj
c:\users\joo\documents\github\jusin\framework\engine\default\x64\debug\cnavigation.obj
c:\users\joo\documents\github\jusin\framework\engine\default\x64\debug\cmodel.obj
c:\users\joo\documents\github\jusin\framework\engine\default\x64\debug\engine_struct.obj
c:\users\joo\documents\github\jusin\framework\engine\default\x64\debug\timer_manager.obj
c:\users\joo\documents\github\jusin\framework\engine\default\x64\debug\timer.obj
c:\users\joo\documents\github\jusin\framework\engine\default\x64\debug\debugdraw.obj
c:\users\joo\documents\github\jusin\framework\engine\default\x64\debug\cvibuffer_trail.obj
c:\users\joo\documents\github\jusin\framework\engine\default\x64\debug\cvibuffer_terrain.obj
c:\users\joo\documents\github\jusin\framework\engine\default\x64\debug\cvibuffer_sprite.obj
c:\users\joo\documents\github\jusin\framework\engine\default\x64\debug\cvibuffer_rect.obj
c:\users\joo\documents\github\jusin\framework\engine\default\x64\debug\cvibuffer_instancing.obj
c:\users\joo\documents\github\jusin\framework\engine\default\x64\debug\cvibuffer_cell.obj
c:\users\joo\documents\github\jusin\framework\engine\default\x64\debug\cvibuffer_cube.obj
c:\users\joo\documents\github\jusin\framework\engine\bin\engine_d.lib
c:\users\joo\documents\github\jusin\framework\engine\bin\engine_d.exp
c:\users\joo\documents\github\jusin\framework\engine\bin\shader_navigation.cso
c:\users\joo\documents\github\jusin\framework\engine\bin\shader_deferred.cso
c:\users\joo\documents\github\jusin\framework\engine\bin\shader_postprocessing.cso
c:\users\joo\documents\github\jusin\framework\engine\bin\engine_d.dll
c:\users\joo\documents\github\jusin\framework\engine\default\x64\debug\engine_d.ilk
c:\users\joo\documents\github\jusin\framework\engine\bin\engine_d.pdb
c:\users\joo\documents\github\jusin\framework\engine\default\x64\debug\engine.tlog\cl.command.1.tlog
c:\users\joo\documents\github\jusin\framework\engine\default\x64\debug\engine.tlog\cl.read.1.tlog
c:\users\joo\documents\github\jusin\framework\engine\default\x64\debug\engine.tlog\cl.write.1.tlog
c:\users\joo\documents\github\jusin\framework\engine\default\x64\debug\engine.tlog\engine.write.1u.tlog
c:\users\joo\documents\github\jusin\framework\engine\default\x64\debug\engine.tlog\fxc.command.1.tlog
c:\users\joo\documents\github\jusin\framework\engine\default\x64\debug\engine.tlog\fxc.read.1.tlog
c:\users\joo\documents\github\jusin\framework\engine\default\x64\debug\engine.tlog\fxc.write.1.tlog
c:\users\joo\documents\github\jusin\framework\engine\default\x64\debug\engine.tlog\link.10452.delete.1.tlog
c:\users\joo\documents\github\jusin\framework\engine\default\x64\debug\engine.tlog\link.10960.delete.1.tlog
c:\users\joo\documents\github\jusin\framework\engine\default\x64\debug\engine.tlog\link.16592.delete.1.tlog
c:\users\joo\documents\github\jusin\framework\engine\default\x64\debug\engine.tlog\link.17688.delete.1.tlog
c:\users\joo\documents\github\jusin\framework\engine\default\x64\debug\engine.tlog\link.22872.delete.1.tlog
c:\users\joo\documents\github\jusin\framework\engine\default\x64\debug\engine.tlog\link.23204.delete.1.tlog
c:\users\joo\documents\github\jusin\framework\engine\default\x64\debug\engine.tlog\link.23784.delete.1.tlog
c:\users\joo\documents\github\jusin\framework\engine\default\x64\debug\engine.tlog\link.23856.delete.1.tlog
c:\users\joo\documents\github\jusin\framework\engine\default\x64\debug\engine.tlog\link.27880.delete.1.tlog
c:\users\joo\documents\github\jusin\framework\engine\default\x64\debug\engine.tlog\link.28776.delete.1.tlog
c:\users\joo\documents\github\jusin\framework\engine\default\x64\debug\engine.tlog\link.32996.delete.1.tlog
c:\users\joo\documents\github\jusin\framework\engine\default\x64\debug\engine.tlog\link.50928.delete.1.tlog
c:\users\joo\documents\github\jusin\framework\engine\default\x64\debug\engine.tlog\link.7036.delete.1.tlog
c:\users\joo\documents\github\jusin\framework\engine\default\x64\debug\engine.tlog\link.7632.delete.1.tlog
c:\users\joo\documents\github\jusin\framework\engine\default\x64\debug\engine.tlog\link.9972.delete.1.tlog
c:\users\joo\documents\github\jusin\framework\engine\default\x64\debug\engine.tlog\link.command.1.tlog
c:\users\joo\documents\github\jusin\framework\engine\default\x64\debug\engine.tlog\link.read.1.tlog
c:\users\joo\documents\github\jusin\framework\engine\default\x64\debug\engine.tlog\link.write.1.tlog
