c:\users\joo\documents\github\jusin\framework\engine\default\x64\debug\vc142.pdb
c:\users\joo\documents\github\jusin\framework\engine\default\x64\debug\vc142.idb
c:\users\joo\documents\github\jusin\framework\engine\default\x64\debug\cgameobjectui.obj
c:\users\joo\documents\github\jusin\framework\engine\default\x64\debug\cgameobject.obj
c:\users\joo\documents\github\jusin\framework\engine\default\x64\debug\cgameinstance.obj
c:\users\joo\documents\github\jusin\framework\engine\default\x64\debug\cfileinfo.obj
c:\users\joo\documents\github\jusin\framework\engine\default\x64\debug\ccomponent_manager.obj
c:\users\joo\documents\github\jusin\framework\engine\default\x64\debug\ccomponent.obj
c:\users\joo\documents\github\jusin\framework\engine\default\x64\debug\ccollider.obj
c:\users\joo\documents\github\jusin\framework\engine\default\x64\debug\cchannel.obj
c:\users\joo\documents\github\jusin\framework\engine\default\x64\debug\ccell.obj
c:\users\joo\documents\github\jusin\framework\engine\default\x64\debug\ccamera_manager.obj
c:\users\joo\documents\github\jusin\framework\engine\default\x64\debug\ccamera.obj
c:\users\joo\documents\github\jusin\framework\engine\default\x64\debug\ccalculator.obj
c:\users\joo\documents\github\jusin\framework\engine\default\x64\debug\cbounding_sphere.obj
c:\users\joo\documents\github\jusin\framework\engine\default\x64\debug\cbounding_obb.obj
c:\users\joo\documents\github\jusin\framework\engine\default\x64\debug\cbounding_aabb.obj
c:\users\joo\documents\github\jusin\framework\engine\default\x64\debug\cbounding.obj
c:\users\joo\documents\github\jusin\framework\engine\default\x64\debug\cbone.obj
c:\users\joo\documents\github\jusin\framework\engine\default\x64\debug\cbase.obj
c:\users\joo\documents\github\jusin\framework\engine\default\x64\debug\capplication.obj
c:\users\joo\documents\github\jusin\framework\engine\default\x64\debug\canimation.obj
c:\users\joo\documents\github\jusin\framework\engine\bin\shader_navigation.cso
c:\users\joo\documents\github\jusin\framework\engine\bin\engine.dll
c:\users\joo\documents\github\jusin\framework\engine\default\x64\debug\engine.tlog\cl.command.1.tlog
c:\users\joo\documents\github\jusin\framework\engine\default\x64\debug\engine.tlog\cl.read.1.tlog
c:\users\joo\documents\github\jusin\framework\engine\default\x64\debug\engine.tlog\cl.write.1.tlog
c:\users\joo\documents\github\jusin\framework\engine\default\x64\debug\engine.tlog\fxc.command.1.tlog
c:\users\joo\documents\github\jusin\framework\engine\default\x64\debug\engine.tlog\fxc.read.1.tlog
c:\users\joo\documents\github\jusin\framework\engine\default\x64\debug\engine.tlog\fxc.write.1.tlog
