  CAnimation.cpp
C:\Users\joo\Documents\GitHub\Jusin\Framework\Engine\Public\CNavigation.h(62,1): warning C4267: 'return': 'size_t'에서 'Engine::_uint'(으)로 변환하면서 데이터가 손실될 수 있습니다.
C:\Users\joo\Documents\GitHub\Jusin\Framework\Engine\Private\CAnimation.cpp(360,57): warning C4267: '=': 'size_t'에서 '_Ty'(으)로 변환하면서 데이터가 손실될 수 있습니다.
          with
          [
              _Ty=Engine::_uint
          ]
C:\Users\joo\Documents\GitHub\Jusin\Framework\Engine\Private\CAnimation.cpp(371,57): warning C4267: '=': 'size_t'에서 '_Ty'(으)로 변환하면서 데이터가 손실될 수 있습니다.
          with
          [
              _Ty=Engine::_uint
          ]
  CCamera.cpp
  CCamera_Manager.cpp
  CCell.cpp
C:\Users\joo\Documents\GitHub\Jusin\Framework\Engine\Public\CNavigation.h(62,1): warning C4267: 'return': 'size_t'에서 'Engine::_uint'(으)로 변환하면서 데이터가 손실될 수 있습니다.
  CCollider.cpp
  CComponent.cpp
C:\Users\joo\Documents\GitHub\Jusin\Framework\Engine\Public\CNavigation.h(62,1): warning C4267: 'return': 'size_t'에서 'Engine::_uint'(으)로 변환하면서 데이터가 손실될 수 있습니다.
  CComponent_Manager.cpp
C:\Users\joo\Documents\GitHub\Jusin\Framework\Engine\Public\CNavigation.h(62,1): warning C4267: 'return': 'size_t'에서 'Engine::_uint'(으)로 변환하면서 데이터가 손실될 수 있습니다.
  CGameObject3D.cpp
C:\Users\joo\Documents\GitHub\Jusin\Framework\Engine\Public\CNavigation.h(62,1): warning C4267: 'return': 'size_t'에서 'Engine::_uint'(으)로 변환하면서 데이터가 손실될 수 있습니다.
  CLevel.cpp
C:\Users\joo\Documents\GitHub\Jusin\Framework\Engine\Public\CNavigation.h(62,1): warning C4267: 'return': 'size_t'에서 'Engine::_uint'(으)로 변환하면서 데이터가 손실될 수 있습니다.
  CLevel_Manager.cpp
C:\Users\joo\Documents\GitHub\Jusin\Framework\Engine\Public\CNavigation.h(62,1): warning C4267: 'return': 'size_t'에서 'Engine::_uint'(으)로 변환하면서 데이터가 손실될 수 있습니다.
  CModel.cpp
C:\Users\joo\Documents\GitHub\Jusin\Framework\Engine\Public\CNavigation.h(62,1): warning C4267: 'return': 'size_t'에서 'Engine::_uint'(으)로 변환하면서 데이터가 손실될 수 있습니다.
C:\Users\joo\Documents\GitHub\Jusin\Framework\Engine\Private\CModel.cpp(421,53): warning C4267: '=': 'size_t'에서 'Engine::_uint'(으)로 변환하면서 데이터가 손실될 수 있습니다.
C:\Users\joo\Documents\GitHub\Jusin\Framework\Engine\Private\CModel.cpp(517,21): warning C4244: 'return': 'Engine::_double'에서 'Engine::_float'(으)로 변환하면서 데이터가 손실될 수 있습니다.
  CParts.cpp
  CTransform.cpp
C:\Users\joo\Documents\GitHub\Jusin\Framework\Engine\Public\CNavigation.h(62,1): warning C4267: 'return': 'size_t'에서 'Engine::_uint'(으)로 변환하면서 데이터가 손실될 수 있습니다.
C:\Users\joo\Documents\GitHub\Jusin\Framework\Engine\Private\CTransform.cpp(93,38): warning C4244: '인수': 'Engine::_double'에서 'float'(으)로 변환하면서 데이터가 손실될 수 있습니다.
C:\Users\joo\Documents\GitHub\Jusin\Framework\Engine\Private\CTransform.cpp(93,62): warning C4244: '인수': 'const Engine::_double'에서 'float'(으)로 변환하면서 데이터가 손실될 수 있습니다.
C:\Users\joo\Documents\GitHub\Jusin\Framework\Engine\Private\CTransform.cpp(140,43): warning C4244: '인수': 'Engine::_double'에서 'float'(으)로 변환하면서 데이터가 손실될 수 있습니다.
C:\Users\joo\Documents\GitHub\Jusin\Framework\Engine\Private\CTransform.cpp(140,58): warning C4244: '인수': 'const Engine::_double'에서 'float'(으)로 변환하면서 데이터가 손실될 수 있습니다.
C:\Users\joo\Documents\GitHub\Jusin\Framework\Engine\Private\CTransform.cpp(159,38): warning C4244: '인수': 'Engine::_double'에서 'float'(으)로 변환하면서 데이터가 손실될 수 있습니다.
C:\Users\joo\Documents\GitHub\Jusin\Framework\Engine\Private\CTransform.cpp(159,62): warning C4244: '인수': 'const Engine::_double'에서 'float'(으)로 변환하면서 데이터가 손실될 수 있습니다.
C:\Users\joo\Documents\GitHub\Jusin\Framework\Engine\Private\CTransform.cpp(183,64): warning C4244: '인수': 'Engine::_double'에서 'float'(으)로 변환하면서 데이터가 손실될 수 있습니다.
C:\Users\joo\Documents\GitHub\Jusin\Framework\Engine\Private\CTransform.cpp(183,79): warning C4244: '인수': 'const Engine::_double'에서 'float'(으)로 변환하면서 데이터가 손실될 수 있습니다.
C:\Users\joo\Documents\GitHub\Jusin\Framework\Engine\Private\CTransform.cpp(193,25): warning C4244: '+=': 'const Engine::_double'에서 'Engine::_float'(으)로 변환하면서 데이터가 손실될 수 있습니다.
C:\Users\joo\Documents\GitHub\Jusin\Framework\Engine\Private\CTransform.cpp(271,86): warning C4244: '인수': 'Engine::_double'에서 'float'(으)로 변환하면서 데이터가 손실될 수 있습니다.
C:\Users\joo\Documents\GitHub\Jusin\Framework\Engine\Private\CTransform.cpp(283,25): warning C4244: '+=': 'const Engine::_double'에서 'Engine::_float'(으)로 변환하면서 데이터가 손실될 수 있습니다.
C:\Users\joo\Documents\GitHub\Jusin\Framework\Engine\Private\CTransform.cpp(300,58): warning C4244: '인수': 'Engine::_double'에서 'float'(으)로 변환하면서 데이터가 손실될 수 있습니다.
C:\Users\joo\Documents\GitHub\Jusin\Framework\Engine\Private\CTransform.cpp(300,73): warning C4244: '인수': 'const Engine::_double'에서 'float'(으)로 변환하면서 데이터가 손실될 수 있습니다.
C:\Users\joo\Documents\GitHub\Jusin\Framework\Engine\Private\CTransform.cpp(320,58): warning C4244: '인수': 'Engine::_double'에서 'float'(으)로 변환하면서 데이터가 손실될 수 있습니다.
C:\Users\joo\Documents\GitHub\Jusin\Framework\Engine\Private\CTransform.cpp(320,73): warning C4244: '인수': 'const Engine::_double'에서 'float'(으)로 변환하면서 데이터가 손실될 수 있습니다.
C:\Users\joo\Documents\GitHub\Jusin\Framework\Engine\Private\CTransform.cpp(330,58): warning C4244: '인수': 'Engine::_double'에서 'float'(으)로 변환하면서 데이터가 손실될 수 있습니다.
C:\Users\joo\Documents\GitHub\Jusin\Framework\Engine\Private\CTransform.cpp(330,73): warning C4244: '인수': 'const Engine::_double'에서 'float'(으)로 변환하면서 데이터가 손실될 수 있습니다.
C:\Users\joo\Documents\GitHub\Jusin\Framework\Engine\Private\CTransform.cpp(340,59): warning C4244: '인수': 'Engine::_double'에서 'float'(으)로 변환하면서 데이터가 손실될 수 있습니다.
C:\Users\joo\Documents\GitHub\Jusin\Framework\Engine\Private\CTransform.cpp(340,74): warning C4244: '인수': 'const Engine::_double'에서 'float'(으)로 변환하면서 데이터가 손실될 수 있습니다.
C:\Users\joo\Documents\GitHub\Jusin\Framework\Engine\Private\CTransform.cpp(350,59): warning C4244: '인수': 'Engine::_double'에서 'float'(으)로 변환하면서 데이터가 손실될 수 있습니다.
C:\Users\joo\Documents\GitHub\Jusin\Framework\Engine\Private\CTransform.cpp(350,74): warning C4244: '인수': 'const Engine::_double'에서 'float'(으)로 변환하면서 데이터가 손실될 수 있습니다.
C:\Users\joo\Documents\GitHub\Jusin\Framework\Engine\Private\CTransform.cpp(360,56): warning C4244: '인수': 'Engine::_double'에서 'float'(으)로 변환하면서 데이터가 손실될 수 있습니다.
C:\Users\joo\Documents\GitHub\Jusin\Framework\Engine\Private\CTransform.cpp(360,71): warning C4244: '인수': 'const Engine::_double'에서 'float'(으)로 변환하면서 데이터가 손실될 수 있습니다.
C:\Users\joo\Documents\GitHub\Jusin\Framework\Engine\Private\CTransform.cpp(371,16): warning C4244: '초기화 중': 'Engine::_double'에서 'Engine::_float'(으)로 변환하면서 데이터가 손실될 수 있습니다.
C:\Users\joo\Documents\GitHub\Jusin\Framework\Engine\Private\CTransform.cpp(387,58): warning C4244: '인수': 'Engine::_double'에서 'float'(으)로 변환하면서 데이터가 손실될 수 있습니다.
C:\Users\joo\Documents\GitHub\Jusin\Framework\Engine\Private\CTransform.cpp(387,73): warning C4244: '인수': 'const Engine::_double'에서 'float'(으)로 변환하면서 데이터가 손실될 수 있습니다.
C:\Users\joo\Documents\GitHub\Jusin\Framework\Engine\Private\CTransform.cpp(407,38): warning C4244: '인수': 'Engine::_double'에서 'float'(으)로 변환하면서 데이터가 손실될 수 있습니다.
C:\Users\joo\Documents\GitHub\Jusin\Framework\Engine\Private\CTransform.cpp(407,62): warning C4244: '인수': 'const Engine::_double'에서 'float'(으)로 변환하면서 데이터가 손실될 수 있습니다.
  CGameInstance.cpp
C:\Users\joo\Documents\GitHub\Jusin\Framework\Engine\Public\CNavigation.h(62,1): warning C4267: 'return': 'size_t'에서 'Engine::_uint'(으)로 변환하면서 데이터가 손실될 수 있습니다.
  코드를 생성하고 있습니다...
  Engine.vcxproj -> C:\Users\joo\Documents\GitHub\Jusin\Framework\Engine\Bin\Engine.dll
