c:\users\joo\documents\github\jusin\framework\client\default\x64\debug\vc142.pdb
c:\users\joo\documents\github\jusin\framework\client\default\x64\debug\vc142.idb
c:\users\joo\documents\github\jusin\framework\client\default\x64\debug\client.obj
c:\users\joo\documents\github\jusin\framework\client\default\x64\debug\csteamroller.obj
c:\users\joo\documents\github\jusin\framework\client\default\x64\debug\crest.obj
c:\users\joo\documents\github\jusin\framework\client\default\x64\debug\cprojectile.obj
c:\users\joo\documents\github\jusin\framework\client\default\x64\debug\caction_hit.obj
c:\users\joo\documents\github\jusin\framework\client\default\x64\debug\cplayerhit.obj
c:\users\joo\documents\github\jusin\framework\client\default\x64\debug\cdead.obj
c:\users\joo\documents\github\jusin\framework\client\default\x64\debug\clegion_champion.obj
c:\users\joo\documents\github\jusin\framework\client\default\x64\debug\cgoblin_armor.obj
c:\users\joo\documents\github\jusin\framework\client\default\x64\debug\cfollow.obj
c:\users\joo\documents\github\jusin\framework\client\default\x64\debug\cdetect.obj
c:\users\joo\documents\github\jusin\framework\client\default\x64\debug\caction_attack.obj
c:\users\joo\documents\github\jusin\framework\client\default\x64\debug\csky.obj
c:\users\joo\documents\github\jusin\framework\client\default\x64\debug\crandomlook.obj
c:\users\joo\documents\github\jusin\framework\client\default\x64\debug\cplayeraction.obj
c:\users\joo\documents\github\jusin\framework\client\default\x64\debug\cplayer.obj
c:\users\joo\documents\github\jusin\framework\client\default\x64\debug\cplayermove.obj
c:\users\joo\documents\github\jusin\framework\client\default\x64\debug\caction_patrol.obj
c:\users\joo\documents\github\jusin\framework\client\default\x64\debug\cmonster.obj
c:\users\joo\documents\github\jusin\framework\client\default\x64\debug\cmainapp.obj
c:\users\joo\documents\github\jusin\framework\client\default\x64\debug\cloader.obj
c:\users\joo\documents\github\jusin\framework\client\default\x64\debug\clevel_logo.obj
c:\users\joo\documents\github\jusin\framework\client\default\x64\debug\clevel_loading.obj
c:\users\joo\documents\github\jusin\framework\client\default\x64\debug\clevel_gameplay.obj
c:\users\joo\documents\github\jusin\framework\client\default\x64\debug\clegion_melee.obj
c:\users\joo\documents\github\jusin\framework\client\default\x64\debug\cplayerjump.obj
c:\users\joo\documents\github\jusin\framework\client\default\x64\debug\chit.obj
c:\users\joo\documents\github\jusin\framework\client\default\x64\debug\chellhound.obj
c:\users\joo\documents\github\jusin\framework\client\default\x64\debug\cgoblin.obj
c:\users\joo\documents\github\jusin\framework\client\default\x64\debug\ccamera_free.obj
c:\users\joo\documents\github\jusin\framework\client\default\x64\debug\cattack.obj
c:\users\joo\documents\github\jusin\framework\client\default\x64\debug\cplayerattack.obj
c:\users\joo\documents\github\jusin\framework\client\default\x64\debug\cweapon.obj
c:\users\joo\documents\github\jusin\framework\client\default\x64\debug\cwalk.obj
c:\users\joo\documents\github\jusin\framework\client\default\x64\debug\cwait.obj
c:\users\joo\documents\github\jusin\framework\client\default\x64\debug\cui_rect.obj
c:\users\joo\documents\github\jusin\framework\client\default\x64\debug\cterrain.obj
c:\users\joo\documents\github\jusin\framework\client\default\x64\debug\cstatic_object.obj
c:\users\joo\documents\github\jusin\framework\client\default\x64\debug\cspawn.obj
c:\users\joo\documents\github\jusin\framework\client\default\x64\debug\cpattern.obj
c:\users\joo\documents\github\jusin\framework\client\default\x64\debug\clava.obj
c:\users\joo\documents\github\jusin\framework\client\bin\shader_deferred.cso
c:\users\joo\documents\github\jusin\framework\client\bin\shader_navigation.cso
c:\users\joo\documents\github\jusin\framework\client\bin\shader_vtx.cso
c:\users\joo\documents\github\jusin\framework\client\bin\shader_vtxanimmesh.cso
c:\users\joo\documents\github\jusin\framework\client\bin\shader_vtxcol.cso
c:\users\joo\documents\github\jusin\framework\client\bin\shader_vtxcube.cso
c:\users\joo\documents\github\jusin\framework\client\bin\shader_vtxmesh.cso
c:\users\joo\documents\github\jusin\framework\client\bin\shader_vtxnortex.cso
c:\users\joo\documents\github\jusin\framework\client\bin\shader_vtxpointinstance.cso
c:\users\joo\documents\github\jusin\framework\client\bin\shader_vtxrectinstance.cso
c:\users\joo\documents\github\jusin\framework\client\bin\shader_vtxtex.cso
c:\users\joo\documents\github\jusin\framework\client\default\x64\debug\client.ilk
c:\users\joo\documents\github\jusin\framework\client\bin\client.exe
c:\users\joo\documents\github\jusin\framework\client\bin\client.pdb
c:\users\joo\documents\github\jusin\framework\client\default\x64\debug\client.res
c:\users\joo\documents\github\jusin\framework\client\default\x64\debug\client.tlog\cl.command.1.tlog
c:\users\joo\documents\github\jusin\framework\client\default\x64\debug\client.tlog\cl.read.1.tlog
c:\users\joo\documents\github\jusin\framework\client\default\x64\debug\client.tlog\cl.write.1.tlog
c:\users\joo\documents\github\jusin\framework\client\default\x64\debug\client.tlog\fxc.command.1.tlog
c:\users\joo\documents\github\jusin\framework\client\default\x64\debug\client.tlog\fxc.read.1.tlog
c:\users\joo\documents\github\jusin\framework\client\default\x64\debug\client.tlog\fxc.write.1.tlog
c:\users\joo\documents\github\jusin\framework\client\default\x64\debug\client.tlog\link.command.1.tlog
c:\users\joo\documents\github\jusin\framework\client\default\x64\debug\client.tlog\link.read.1.tlog
c:\users\joo\documents\github\jusin\framework\client\default\x64\debug\client.tlog\link.write.1.tlog
c:\users\joo\documents\github\jusin\framework\client\default\x64\debug\client.tlog\rc.command.1.tlog
c:\users\joo\documents\github\jusin\framework\client\default\x64\debug\client.tlog\rc.read.1.tlog
c:\users\joo\documents\github\jusin\framework\client\default\x64\debug\client.tlog\rc.write.1.tlog
