  CFileInfo.cpp
  CMainApp.cpp
  CMyForm.cpp
  CTabAnimation.cpp
  CTabCamera.cpp
  CTabEffect.cpp
  CTabMesh.cpp
  CTabNaviMesh.cpp
  CTabTerrain.cpp
  CTabUI.cpp
  CTerrain.cpp
  MainFrm.cpp
  Tool.cpp
  ToolDoc.cpp
  ToolView.cpp
  코드를 생성하고 있습니다.
  140 of 368 functions (38.0%) were compiled, the rest were copied from previous compilation.
    51 functions were new in current compilation
    19 functions had inline decision re-evaluated but remain unchanged
  코드를 생성했습니다.
  Tool.vcxproj -> C:\Users\joo\Documents\GitHub\Jusin\MapEditTool\x64\Release\Tool.exe
