  CModelLoader.cpp
  The contents of <any> are available only with C++17 or later.
C:\Users\joo\Documents\GitHub\Jusin\Framework\Reference\Headers\CInstance_Point.h(13,21): warning C4244: '초기화 중': 'float'에서 'Engine::_uint'(으)로 변환하면서 데이터가 손실될 수 있습니다.
C:\Users\joo\Documents\GitHub\Jusin\Framework\Reference\Headers\CInstance_Point.h(14,22): warning C4244: '초기화 중': 'float'에서 'Engine::_uint'(으)로 변환하면서 데이터가 손실될 수 있습니다.
C:\Users\joo\Documents\GitHub\Jusin\Framework\ModelLoader\Default\CModelLoader.cpp(81,51): warning C4267: '초기화 중': 'size_t'에서 'Engine::_uint'(으)로 변환하면서 데이터가 손실될 수 있습니다.
C:\Users\joo\Documents\GitHub\Jusin\Framework\ModelLoader\Default\CModelLoader.cpp(122,49): warning C4267: '초기화 중': 'size_t'에서 'Engine::_uint'(으)로 변환하면서 데이터가 손실될 수 있습니다.
C:\Users\joo\Documents\GitHub\Jusin\Framework\ModelLoader\Default\CModelLoader.cpp(148,56): warning C4267: '초기화 중': 'size_t'에서 'Engine::_uint'(으)로 변환하면서 데이터가 손실될 수 있습니다.
C:\Users\joo\Documents\GitHub\Jusin\Framework\ModelLoader\Default\CModelLoader.cpp(180,40): warning C4267: '초기화 중': 'size_t'에서 'Engine::_uint'(으)로 변환하면서 데이터가 손실될 수 있습니다.
C:\Users\joo\Documents\GitHub\Jusin\Framework\ModelLoader\Default\CModelLoader.cpp(190,49): warning C4267: '=': 'size_t'에서 'Engine::_uint'(으)로 변환하면서 데이터가 손실될 수 있습니다.
C:\Users\joo\Documents\GitHub\Jusin\Framework\ModelLoader\Default\CModelLoader.cpp(208,88): warning C4267: '초기화 중': 'size_t'에서 'Engine::_uint'(으)로 변환하면서 데이터가 손실될 수 있습니다.
C:\Users\joo\Documents\GitHub\Jusin\Framework\ModelLoader\Default\CModelLoader.cpp(276,51): warning C4267: '초기화 중': 'size_t'에서 'Engine::_uint'(으)로 변환하면서 데이터가 손실될 수 있습니다.
C:\Users\joo\Documents\GitHub\Jusin\Framework\ModelLoader\Default\CModelLoader.cpp(317,49): warning C4267: '초기화 중': 'size_t'에서 'Engine::_uint'(으)로 변환하면서 데이터가 손실될 수 있습니다.
C:\Users\joo\Documents\GitHub\Jusin\Framework\ModelLoader\Default\CModelLoader.cpp(343,56): warning C4267: '초기화 중': 'size_t'에서 'Engine::_uint'(으)로 변환하면서 데이터가 손실될 수 있습니다.
C:\Users\joo\Documents\GitHub\Jusin\Framework\ModelLoader\Default\CModelLoader.cpp(371,40): warning C4267: '초기화 중': 'size_t'에서 'Engine::_uint'(으)로 변환하면서 데이터가 손실될 수 있습니다.
C:\Users\joo\Documents\GitHub\Jusin\Framework\ModelLoader\Default\CModelLoader.cpp(387,40): warning C4267: '초기화 중': 'size_t'에서 'Engine::_uint'(으)로 변환하면서 데이터가 손실될 수 있습니다.
C:\Users\joo\Documents\GitHub\Jusin\Framework\ModelLoader\Default\CModelLoader.cpp(399,88): warning C4267: '초기화 중': 'size_t'에서 'Engine::_uint'(으)로 변환하면서 데이터가 손실될 수 있습니다.
C:\Users\joo\Documents\GitHub\Jusin\Framework\ModelLoader\Default\CModelLoader.cpp(483,39): warning C4267: '=': 'size_t'에서 'Engine::_uint'(으)로 변환하면서 데이터가 손실될 수 있습니다.
C:\Users\joo\Documents\GitHub\Jusin\Framework\ModelLoader\Default\CModelLoader.cpp(586,32): warning C4267: '=': 'size_t'에서 'Engine::_uint'(으)로 변환하면서 데이터가 손실될 수 있습니다.
  ModelLoader_Defines.h
  코드를 생성하고 있습니다.
  2 of 918 functions ( 0.2%) were compiled, the rest were copied from previous compilation.
    0 functions were new in current compilation
    13 functions had inline decision re-evaluated but remain unchanged
  코드를 생성했습니다.
  ModelLoader.vcxproj -> C:\Users\joo\Documents\GitHub\Jusin\Framework\ModelLoader\Bin\ModelLoader.exe
