c:\users\joo\documents\github\jusin\framework\modelloader\default\x64\release\vc142.pdb
c:\users\joo\documents\github\jusin\framework\modelloader\default\x64\release\modelloader_defines.obj
c:\users\joo\documents\github\jusin\framework\modelloader\default\x64\release\modelloader.obj
c:\users\joo\documents\github\jusin\framework\modelloader\default\x64\release\cmodelloader.obj
c:\users\joo\documents\github\jusin\framework\modelloader\bin\modelloader.exe
c:\users\joo\documents\github\jusin\framework\modelloader\default\x64\release\modelloader.ipdb
c:\users\joo\documents\github\jusin\framework\modelloader\default\x64\release\modelloader.iobj
c:\users\joo\documents\github\jusin\framework\modelloader\bin\modelloader.pdb
c:\users\joo\documents\github\joo\framework\modelloader\default\x64\release\cmodelloader.obj
c:\users\joo\documents\github\joo\framework\modelloader\default\x64\release\modelloader.obj
c:\users\joo\documents\github\joo\framework\modelloader\default\x64\release\modelloader_defines.obj
c:\users\joo\documents\github\joo\framework\modelloader\default\x64\release\modelloader.ipdb
c:\users\joo\documents\github\joo\framework\modelloader\default\x64\release\modelloader.iobj
c:\users\joo\documents\github\joo\framework\modelloader\default\x64\release\vc142.pdb
c:\users\joo\documents\github\joo\framework\modelloader\bin\modelloader.exe
c:\users\joo\documents\github\joo\framework\modelloader\default\x64\release\modelloader.tlog\cl.command.1.tlog
c:\users\joo\documents\github\joo\framework\modelloader\default\x64\release\modelloader.tlog\cl.read.1.tlog
c:\users\joo\documents\github\joo\framework\modelloader\default\x64\release\modelloader.tlog\cl.write.1.tlog
c:\users\joo\documents\github\joo\framework\modelloader\default\x64\release\modelloader.tlog\link.command.1.tlog
c:\users\joo\documents\github\joo\framework\modelloader\default\x64\release\modelloader.tlog\link.read.1.tlog
c:\users\joo\documents\github\joo\framework\modelloader\default\x64\release\modelloader.tlog\link.write.1.tlog
